Removed Pin From Net: NetName=NetJ7_2 Pin=R18-2
Removed Pin From Net: NetName=NetJ8_2 Pin=R19-2
Removed Pin From Net: NetName=NetJ9_2 Pin=R20-2
Removed Pin From Net: NetName=NetJ10_2 Pin=R21-2
Removed Pin From Net: NetName=NetJ11_2 Pin=R22-2
Removed Pin From Net: NetName=NetJ12_2 Pin=R23-2
Removed Pin From Net: NetName=NetJ13_2 Pin=R28-2
Removed Pin From Net: NetName=NetJ14_2 Pin=R29-2
Removed Pin From Net: NetName=NetJ15_2 Pin=R34-2
Removed Pin From Net: NetName=NetJ16_2 Pin=R35-2
Removed Pin From Net: NetName=NetJ17_2 Pin=R36-2
Removed Pin From Net: NetName=NetJ18_2 Pin=R37-2
Removed Pin From Net: NetName=NetJ19_2 Pin=R38-2
Removed Pin From Net: NetName=NetJ20_2 Pin=R39-2
Removed Pin From Net: NetName=NetJ21_2 Pin=R44-2
Removed Pin From Net: NetName=NetJ22_2 Pin=R45-2
Removed Pin From Net: NetName=NetJ8_2 Pin=U6-1
Removed Pin From Net: NetName=NetJ7_2 Pin=U6-7
Removed Pin From Net: NetName=NetJ10_2 Pin=U7-1
Removed Pin From Net: NetName=NetJ9_2 Pin=U7-7
Removed Pin From Net: NetName=NetJ12_2 Pin=U8-1
Removed Pin From Net: NetName=NetJ11_2 Pin=U8-7
Removed Pin From Net: NetName=NetJ14_2 Pin=U9-1
Removed Pin From Net: NetName=NetJ13_2 Pin=U9-7
Removed Pin From Net: NetName=NetJ16_2 Pin=U10-1
Removed Pin From Net: NetName=NetJ15_2 Pin=U10-7
Removed Pin From Net: NetName=NetJ18_2 Pin=U11-1
Removed Pin From Net: NetName=NetJ17_2 Pin=U11-7
Removed Pin From Net: NetName=NetJ20_2 Pin=U12-1
Removed Pin From Net: NetName=NetJ19_2 Pin=U12-7
Removed Pin From Net: NetName=NetJ22_2 Pin=U13-1
Removed Pin From Net: NetName=NetJ21_2 Pin=U13-7
Add Component: Footprint Not Found R_0805
Add Component: Footprint Not Found R_0805
Add Component: Footprint Not Found R_0805
Add Component: Footprint Not Found R_0805
Add Component: Footprint Not Found R_0805
Add Component: Footprint Not Found R_0805
Add Component: Footprint Not Found R_0805
Add Component: Footprint Not Found R_0805
Add Component: Footprint Not Found R_0805
Add Component: Footprint Not Found R_0805
Add Component: Footprint Not Found R_0805
Add Component: Footprint Not Found R_0805
Add Component: Footprint Not Found R_0805
Add Component: Footprint Not Found R_0805
Add Component: Footprint Not Found R_0805
Add Component: Footprint Not Found R_0805
Add Pin To Net: Unknown Pin: Pin R6-1
Add Pin To Net: Unknown Pin: Pin R7-1
Add Pin To Net: Unknown Pin: Pin R8-1
Add Pin To Net: Unknown Pin: Pin R66-1
Add Pin To Net: Unknown Pin: Pin R67-1
Add Pin To Net: Unknown Pin: Pin R68-1
Add Pin To Net: Unknown Pin: Pin R69-1
Add Pin To Net: Unknown Pin: Pin R70-1
Add Pin To Net: Unknown Pin: Pin R71-1
Add Pin To Net: Unknown Pin: Pin R72-1
Add Pin To Net: Unknown Pin: Pin R73-1
Add Pin To Net: Unknown Pin: Pin R74-1
Add Pin To Net: Unknown Pin: Pin R75-1
Add Pin To Net: Unknown Pin: Pin R76-1
Add Pin To Net: Unknown Pin: Pin R77-1
Add Pin To Net: Unknown Pin: Pin R78-1
Change Net Color : Old Net Color=Navy New Net Color=Default
Change Net Color : Old Net Color=Red New Net Color=Default
Change Net Color : Old Net Color=Fuchsia New Net Color=Default
Added Pin To Net: NetName=NetR6_2 Pin=R23-2
Added Pin To Net: NetName=NetR6_2 Pin=U8-1
Added Net: Name=NetR6_2
Added Pin To Net: NetName=NetR7_2 Pin=R20-2
Added Pin To Net: NetName=NetR7_2 Pin=U7-7
Added Net: Name=NetR7_2
Added Pin To Net: NetName=NetR8_2 Pin=R21-2
Added Pin To Net: NetName=NetR8_2 Pin=U7-1
Added Net: Name=NetR8_2
Added Pin To Net: NetName=NetR18_2 Pin=R18-2
Added Pin To Net: NetName=NetR18_2 Pin=U6-7
Added Net: Name=NetR18_2
Added Pin To Net: NetName=NetR19_2 Pin=R19-2
Added Pin To Net: NetName=NetR19_2 Pin=U6-1
Added Net: Name=NetR19_2
Added Pin To Net: NetName=NetR22_2 Pin=R22-2
Added Pin To Net: NetName=NetR22_2 Pin=U8-7
Added Net: Name=NetR22_2
Added Pin To Net: NetName=NetR28_2 Pin=R28-2
Added Pin To Net: NetName=NetR28_2 Pin=U9-7
Added Net: Name=NetR28_2
Added Pin To Net: NetName=NetR29_2 Pin=R29-2
Added Pin To Net: NetName=NetR29_2 Pin=U9-1
Added Net: Name=NetR29_2
Added Pin To Net: NetName=NetR34_2 Pin=R34-2
Added Pin To Net: NetName=NetR34_2 Pin=U10-7
Added Net: Name=NetR34_2
Added Pin To Net: NetName=NetR35_2 Pin=R35-2
Added Pin To Net: NetName=NetR35_2 Pin=U10-1
Added Net: Name=NetR35_2
Added Pin To Net: NetName=NetR36_2 Pin=R36-2
Added Pin To Net: NetName=NetR36_2 Pin=U11-7
Added Net: Name=NetR36_2
Added Pin To Net: NetName=NetR37_2 Pin=R37-2
Added Pin To Net: NetName=NetR37_2 Pin=U11-1
Added Net: Name=NetR37_2
Added Pin To Net: NetName=NetR38_2 Pin=R38-2
Added Pin To Net: NetName=NetR38_2 Pin=U12-7
Added Net: Name=NetR38_2
Added Pin To Net: NetName=NetR39_2 Pin=R39-2
Added Pin To Net: NetName=NetR39_2 Pin=U12-1
Added Net: Name=NetR39_2
Added Pin To Net: NetName=NetR44_2 Pin=R44-2
Added Pin To Net: NetName=NetR44_2 Pin=U13-7
Added Net: Name=NetR44_2
Added Pin To Net: NetName=NetR45_2 Pin=R45-2
Added Pin To Net: NetName=NetR45_2 Pin=U13-1
Added Net: Name=NetR45_2
Add Class Member: Failed to add class member : Component R6 1K
Add Class Member: Failed to add class member : Component R7 1K
Add Class Member: Failed to add class member : Component R8 1K
Add Class Member: Failed to add class member : Component R66 1K
Add Class Member: Failed to add class member : Component R67 1K
Add Class Member: Failed to add class member : Component R68 1K
Add Class Member: Failed to add class member : Component R69 1K
Add Class Member: Failed to add class member : Component R70 1K
Add Class Member: Failed to add class member : Component R71 1K
Add Class Member: Failed to add class member : Component R72 1K
Add Class Member: Failed to add class member : Component R73 1K
Add Class Member: Failed to add class member : Component R74 1K
Add Class Member: Failed to add class member : Component R75 1K
Add Class Member: Failed to add class member : Component R76 1K
Add Class Member: Failed to add class member : Component R77 1K
Add Class Member: Failed to add class member : Component R78 1K
